Determining if the pthread_create exist failed with the following output:
Change Dir: /media/yiji/ea1def5e-614d-46de-ae59-45f647ac3d2a1/lagopus/ClionProject/Class_dnn/class_ncnn/build/CMakeFiles/CMakeTmp

Run Build Command:"/usr/bin/make" "cmTC_59b5f/fast"
/usr/bin/make -f CMakeFiles/cmTC_59b5f.dir/build.make CMakeFiles/cmTC_59b5f.dir/build
make[1]: 进入目录“/media/yiji/ea1def5e-614d-46de-ae59-45f647ac3d2a1/lagopus/ClionProject/Class_dnn/class_ncnn/build/CMakeFiles/CMakeTmp”
/usr/bin/cmake: /usr/local/lib/libcurl.so.4: no version information available (required by /usr/bin/cmake)
Building C object CMakeFiles/cmTC_59b5f.dir/CheckSymbolExists.c.o
/usr/bin/cc   -fPIC    -o CMakeFiles/cmTC_59b5f.dir/CheckSymbolExists.c.o   -c /media/yiji/ea1def5e-614d-46de-ae59-45f647ac3d2a1/lagopus/ClionProject/Class_dnn/class_ncnn/build/CMakeFiles/CMakeTmp/CheckSymbolExists.c
/usr/bin/cmake: /usr/local/lib/libcurl.so.4: no version information available (required by /usr/bin/cmake)
Linking C executable cmTC_59b5f
/usr/bin/cmake -E cmake_link_script CMakeFiles/cmTC_59b5f.dir/link.txt --verbose=1
/usr/bin/cmake: /usr/local/lib/libcurl.so.4: no version information available (required by /usr/bin/cmake)
/usr/bin/cc -fPIC     CMakeFiles/cmTC_59b5f.dir/CheckSymbolExists.c.o  -o cmTC_59b5f 
CMakeFiles/cmTC_59b5f.dir/CheckSymbolExists.c.o：在函数‘main’中：
CheckSymbolExists.c:(.text+0x1b)：对‘pthread_create’未定义的引用
collect2: error: ld returned 1 exit status
CMakeFiles/cmTC_59b5f.dir/build.make:97: recipe for target 'cmTC_59b5f' failed
make[1]: *** [cmTC_59b5f] Error 1
make[1]: 离开目录“/media/yiji/ea1def5e-614d-46de-ae59-45f647ac3d2a1/lagopus/ClionProject/Class_dnn/class_ncnn/build/CMakeFiles/CMakeTmp”
Makefile:126: recipe for target 'cmTC_59b5f/fast' failed
make: *** [cmTC_59b5f/fast] Error 2

File /media/yiji/ea1def5e-614d-46de-ae59-45f647ac3d2a1/lagopus/ClionProject/Class_dnn/class_ncnn/build/CMakeFiles/CMakeTmp/CheckSymbolExists.c:
/* */
#include <pthread.h>

int main(int argc, char** argv)
{
  (void)argv;
#ifndef pthread_create
  return ((int*)(&pthread_create))[argc];
#else
  (void)argc;
  return 0;
#endif
}

Determining if the function pthread_create exists in the pthreads failed with the following output:
Change Dir: /media/yiji/ea1def5e-614d-46de-ae59-45f647ac3d2a1/lagopus/ClionProject/Class_dnn/class_ncnn/build/CMakeFiles/CMakeTmp

Run Build Command:"/usr/bin/make" "cmTC_c1389/fast"
/usr/bin/make -f CMakeFiles/cmTC_c1389.dir/build.make CMakeFiles/cmTC_c1389.dir/build
make[1]: 进入目录“/media/yiji/ea1def5e-614d-46de-ae59-45f647ac3d2a1/lagopus/ClionProject/Class_dnn/class_ncnn/build/CMakeFiles/CMakeTmp”
/usr/bin/cmake: /usr/local/lib/libcurl.so.4: no version information available (required by /usr/bin/cmake)
Building C object CMakeFiles/cmTC_c1389.dir/CheckFunctionExists.c.o
/usr/bin/cc   -fPIC -DCHECK_FUNCTION_EXISTS=pthread_create   -o CMakeFiles/cmTC_c1389.dir/CheckFunctionExists.c.o   -c /usr/share/cmake-3.10/Modules/CheckFunctionExists.c
/usr/bin/cmake: /usr/local/lib/libcurl.so.4: no version information available (required by /usr/bin/cmake)
Linking C executable cmTC_c1389
/usr/bin/cmake -E cmake_link_script CMakeFiles/cmTC_c1389.dir/link.txt --verbose=1
/usr/bin/cmake: /usr/local/lib/libcurl.so.4: no version information available (required by /usr/bin/cmake)
/usr/bin/cc -fPIC -DCHECK_FUNCTION_EXISTS=pthread_create    CMakeFiles/cmTC_c1389.dir/CheckFunctionExists.c.o  -o cmTC_c1389 -lpthreads 
/usr/bin/ld: 找不到 -lpthreads
collect2: error: ld returned 1 exit status
CMakeFiles/cmTC_c1389.dir/build.make:97: recipe for target 'cmTC_c1389' failed
make[1]: *** [cmTC_c1389] Error 1
make[1]: 离开目录“/media/yiji/ea1def5e-614d-46de-ae59-45f647ac3d2a1/lagopus/ClionProject/Class_dnn/class_ncnn/build/CMakeFiles/CMakeTmp”
Makefile:126: recipe for target 'cmTC_c1389/fast' failed
make: *** [cmTC_c1389/fast] Error 2


